<?xml version="1.0" encoding="UTF-8"?>
<testng-results skipped="0" failed="0" total="1" passed="1">
  <reporter-output>
  </reporter-output>
  <suite name="Default suite" duration-ms="9321" started-at="2014-07-07T08:15:26Z" finished-at="2014-07-07T08:15:35Z">
    <groups>
    </groups>
    <test name="Default test" duration-ms="9321" started-at="2014-07-07T08:15:26Z" finished-at="2014-07-07T08:15:35Z">
      <class name="testCases.ExecuteTest">
        <test-method status="PASS" signature="testLogin()[pri:0, instance:testCases.ExecuteTest@77a8fb80]" name="testLogin" duration-ms="9310" started-at="2014-07-07T13:45:26Z" finished-at="2014-07-07T13:45:35Z">
          <reporter-output>
          </reporter-output>
        </test-method> <!-- testLogin -->
      </class> <!-- testCases.ExecuteTest -->
    </test> <!-- Default test -->
  </suite> <!-- Default suite -->
</testng-results>
