<?xml version="1.0" encoding="UTF-8"?>
<!-- Generated by org.testng.reporters.JUnitXMLReporter -->
<testsuite hostname="PC" name="Default test" tests="10" failures="0" timestamp="7 Jul 2014 09:43:37 GMT" time="13.12" errors="0">
  <testcase name="testLogin" time="3.624" classname="testCases.HybridExecuteTest"/>
  <testcase name="testLogin" time="2.473" classname="testCases.HybridExecuteTest"/>
  <testcase name="testLogin" time="0.093" classname="testCases.HybridExecuteTest"/>
  <testcase name="testLogin" time="0.04" classname="testCases.HybridExecuteTest"/>
  <testcase name="testLogin" time="0.071" classname="testCases.HybridExecuteTest"/>
  <testcase name="testLogin" time="3.073" classname="testCases.HybridExecuteTest"/>
  <testcase name="testLogin" time="2.46" classname="testCases.HybridExecuteTest"/>
  <testcase name="testLogin" time="0.077" classname="testCases.HybridExecuteTest"/>
  <testcase name="testLogin" time="0.041" classname="testCases.HybridExecuteTest"/>
  <testcase name="testLogin" time="0.514" classname="testCases.HybridExecuteTest"/>
</testsuite> <!-- Default test -->
