<?xml version="1.0" encoding="UTF-8"?>
<testng-results ignored="0" total="1" passed="1" failed="0" skipped="0">
  <reporter-output>
  </reporter-output>
  <suite started-at="2021-11-09T11:34:28Z" name="Default suite" finished-at="2021-11-09T11:34:57Z" duration-ms="28846">
    <groups>
    </groups>
    <test started-at="2021-11-09T11:34:28Z" name="Default test" finished-at="2021-11-09T11:34:57Z" duration-ms="28846">
      <class name="com.experitest.auto.AndroidDemoTest">
        <test-method is-config="true" signature="setUp(java.lang.String)[pri:0, instance:com.experitest.auto.AndroidDemoTest@2141a12]" started-at="2021-11-09T17:04:28Z" name="setUp" finished-at="2021-11-09T17:04:45Z" duration-ms="16320" status="PASS">
          <params>
            <param index="0">
              <value>
                <![CDATA[@os='android']]>
              </value>
            </param>
          </params>
          <reporter-output>
          </reporter-output>
        </test-method> <!-- setUp -->
        <test-method signature="test()[pri:0, instance:com.experitest.auto.AndroidDemoTest@2141a12]" started-at="2021-11-09T17:04:45Z" name="test" finished-at="2021-11-09T17:04:45Z" duration-ms="5" status="PASS">
          <reporter-output>
          </reporter-output>
        </test-method> <!-- test -->
        <test-method is-config="true" signature="tearDown()[pri:0, instance:com.experitest.auto.AndroidDemoTest@2141a12]" started-at="2021-11-09T17:04:45Z" name="tearDown" finished-at="2021-11-09T17:04:57Z" duration-ms="12505" status="PASS">
          <reporter-output>
          </reporter-output>
        </test-method> <!-- tearDown -->
      </class> <!-- com.experitest.auto.AndroidDemoTest -->
    </test> <!-- Default test -->
  </suite> <!-- Default suite -->
</testng-results>
