<?xml version="1.0" encoding="UTF-8"?>
<testng-results total="1" passed="1" failed="0" skipped="0">
  <reporter-output>
  </reporter-output>
  <suite started-at="2021-10-13T04:32:41Z" name="Default suite" finished-at="2021-10-13T04:32:50Z" duration-ms="9233">
    <groups>
    </groups>
    <test started-at="2021-10-13T04:32:41Z" name="Default test" finished-at="2021-10-13T04:32:50Z" duration-ms="9233">
      <class name="test.NewTest">
        <test-method is-config="true" signature="beforeTest()[pri:0, instance:test.NewTest@210ab13f]" started-at="2021-10-13T10:02:41Z" name="beforeTest" finished-at="2021-10-13T10:02:42Z" duration-ms="1361" status="PASS">
          <reporter-output>
          </reporter-output>
        </test-method> <!-- beforeTest -->
        <test-method signature="testEasy()[pri:0, instance:test.NewTest@210ab13f]" started-at="2021-10-13T10:02:42Z" name="testEasy" finished-at="2021-10-13T10:02:49Z" duration-ms="7227" status="PASS">
          <reporter-output>
          </reporter-output>
        </test-method> <!-- testEasy -->
        <test-method is-config="true" signature="afterTest()[pri:0, instance:test.NewTest@210ab13f]" started-at="2021-10-13T10:02:49Z" name="afterTest" finished-at="2021-10-13T10:02:50Z" duration-ms="634" status="PASS">
          <reporter-output>
          </reporter-output>
        </test-method> <!-- afterTest -->
      </class> <!-- test.NewTest -->
    </test> <!-- Default test -->
  </suite> <!-- Default suite -->
</testng-results>
