<?xml version="1.0" encoding="UTF-8"?>
<robot generator="Robot 4.1.2 (Python 3.10.0 on win32)" generated="20211127 18:32:07.201" rpa="false" schemaversion="2">
<suite id="s1" name="TC2SB" source="G:\pythonProject\pythonProject2\testcases\TC2SB.robot">
<test id="s1-t1" name="Open Browser To Login Page">
<kw name="Open Browser" library="SeleniumLibrary">
<arg>${LOGIN URL}</arg>
<arg>${BROWSER}</arg>
<doc>Opens a new browser instance to the optional ``url``.</doc>
<msg timestamp="20211127 18:32:08.334" level="INFO">Opening browser 'chrome' to base url 'http://secure.smartbearsoftware.com/samples/testcomplete11/WebOrders/login.aspx'.</msg>
<status status="PASS" starttime="20211127 18:32:08.334" endtime="20211127 18:32:14.928"/>
</kw>
<kw name="Maximize Browser Window" library="SeleniumLibrary">
<doc>Maximizes current browser window.</doc>
<status status="PASS" starttime="20211127 18:32:14.929" endtime="20211127 18:32:15.055"/>
</kw>
<kw name="Set Selenium Speed" library="SeleniumLibrary">
<arg>${DELAY}</arg>
<doc>Sets the delay that is waited after each Selenium command.</doc>
<status status="PASS" starttime="20211127 18:32:15.056" endtime="20211127 18:32:15.057"/>
</kw>
<status status="PASS" starttime="20211127 18:32:08.333" endtime="20211127 18:32:15.058"/>
</test>
<test id="s1-t2" name="Go To Login Page">
<kw name="Go To" library="SeleniumLibrary">
<arg>${LOGIN URL}</arg>
<doc>Navigates the current browser window to the provided ``url``.</doc>
<msg timestamp="20211127 18:32:15.062" level="INFO">Opening url 'http://secure.smartbearsoftware.com/samples/testcomplete11/WebOrders/login.aspx'</msg>
<status status="PASS" starttime="20211127 18:32:15.062" endtime="20211127 18:32:15.377"/>
</kw>
<status status="PASS" starttime="20211127 18:32:15.060" endtime="20211127 18:32:15.378"/>
</test>
<test id="s1-t3" name="Input Username">
<kw name="Input Text" library="SeleniumLibrary">
<arg>ctl00_MainContent_username</arg>
<arg>${VALID USER}</arg>
<doc>Types the given ``text`` into the text field identified by ``locator``.</doc>
<msg timestamp="20211127 18:32:15.382" level="INFO">Typing text 'Tester' into text field 'ctl00_MainContent_username'.</msg>
<status status="PASS" starttime="20211127 18:32:15.381" endtime="20211127 18:32:15.474"/>
</kw>
<status status="PASS" starttime="20211127 18:32:15.379" endtime="20211127 18:32:15.475"/>
</test>
<test id="s1-t4" name="Input Password">
<kw name="Input Text" library="SeleniumLibrary">
<arg>ctl00$MainContent$password</arg>
<arg>${VALID PASSWORD}</arg>
<doc>Types the given ``text`` into the text field identified by ``locator``.</doc>
<msg timestamp="20211127 18:32:15.476" level="INFO">Typing text 'test' into text field 'ctl00$MainContent$password'.</msg>
<status status="PASS" starttime="20211127 18:32:15.476" endtime="20211127 18:32:15.558"/>
</kw>
<status status="PASS" starttime="20211127 18:32:15.476" endtime="20211127 18:32:15.559"/>
</test>
<test id="s1-t5" name="Submit Credentials">
<kw name="Click Button" library="SeleniumLibrary">
<arg>ctl00$MainContent$login_button</arg>
<doc>Clicks the button identified by ``locator``.</doc>
<msg timestamp="20211127 18:32:15.561" level="INFO">Clicking button 'ctl00$MainContent$login_button'.</msg>
<status status="PASS" starttime="20211127 18:32:15.561" endtime="20211127 18:32:17.241"/>
</kw>
<status status="PASS" starttime="20211127 18:32:15.560" endtime="20211127 18:32:17.241"/>
</test>
<test id="s1-t6" name="Welcome Page Should Be Open">
<kw name="Location Should Be" library="SeleniumLibrary">
<arg>${WELCOME URL}</arg>
<doc>Verifies that the current URL is exactly ``url``.</doc>
<msg timestamp="20211127 18:32:17.249" level="INFO">Current location is 'http://secure.smartbearsoftware.com/samples/TestComplete11/WebOrders/default.aspx'.</msg>
<status status="PASS" starttime="20211127 18:32:17.244" endtime="20211127 18:32:17.249"/>
</kw>
<kw name="Title Should Be" library="SeleniumLibrary">
<arg>Web Orders</arg>
<doc>Verifies that the current page title equals ``title``.</doc>
<msg timestamp="20211127 18:32:17.253" level="INFO">Page title is 'Web Orders'.</msg>
<status status="PASS" starttime="20211127 18:32:17.249" endtime="20211127 18:32:17.253"/>
</kw>
<status status="PASS" starttime="20211127 18:32:17.243" endtime="20211127 18:32:17.254"/>
</test>
<test id="s1-t7" name="Close Browser">
<kw name="Close Browser" library="SeleniumLibrary">
<doc>Closes the current browser.</doc>
<status status="PASS" starttime="20211127 18:32:17.255" endtime="20211127 18:32:19.423"/>
</kw>
<status status="PASS" starttime="20211127 18:32:17.255" endtime="20211127 18:32:19.424"/>
</test>
<status status="PASS" starttime="20211127 18:32:07.203" endtime="20211127 18:32:19.430"/>
</suite>
<statistics>
<total>
<stat pass="7" fail="0" skip="0">All Tests</stat>
</total>
<tag>
</tag>
<suite>
<stat pass="7" fail="0" skip="0" id="s1" name="TC2SB">TC2SB</stat>
</suite>
</statistics>
<errors>
</errors>
</robot>
