<?xml version="1.0" encoding="UTF-8"?><testrun name="Run" project="Newcucumber" tests="1" started="1" failures="0" errors="2" ignored="0">
  <testsuite name="login.Run" time="0.005">
    <testsuite name="Feature: login" time="0.005">
      <testsuite name="Scenario: Successful Login" time="0.005" incomplete="true">
        <error>java.lang.ExceptionInInitializerError&#13;
	at cucumber.runtime.xstream.XStream.setupConverters(XStream.java:678)&#13;
	at cucumber.runtime.xstream.XStream.&lt;init&gt;(XStream.java:456)&#13;
	at cucumber.runtime.converters.LocalizedXStreams$LocalizedXStream.&lt;init&gt;(LocalizedXStreams.java:41)&#13;
	at cucumber.runtime.converters.LocalizedXStreams.newXStream(LocalizedXStreams.java:33)&#13;
	at cucumber.runtime.converters.LocalizedXStreams.get(LocalizedXStreams.java:25)&#13;
	at cucumber.runtime.StepDefinitionMatch.runStep(StepDefinitionMatch.java:43)&#13;
	at cucumber.runtime.Runtime.runStep(Runtime.java:223)&#13;
	at cucumber.runtime.model.StepContainer.runStep(StepContainer.java:44)&#13;
	at cucumber.runtime.model.StepContainer.runSteps(StepContainer.java:39)&#13;
	at cucumber.runtime.model.CucumberScenario.run(CucumberScenario.java:36)&#13;
	at cucumber.junit.ExecutionUnitRunner.run(ExecutionUnitRunner.java:76)&#13;
	at cucumber.junit.FeatureRunner.runChild(FeatureRunner.java:65)&#13;
	at cucumber.junit.FeatureRunner.runChild(FeatureRunner.java:20)&#13;
	at org.junit.runners.ParentRunner$3.run(ParentRunner.java:231)&#13;
	at org.junit.runners.ParentRunner$1.schedule(ParentRunner.java:60)&#13;
	at org.junit.runners.ParentRunner.runChildren(ParentRunner.java:229)&#13;
	at org.junit.runners.ParentRunner.access$000(ParentRunner.java:50)&#13;
	at org.junit.runners.ParentRunner$2.evaluate(ParentRunner.java:222)&#13;
	at org.junit.runners.ParentRunner.run(ParentRunner.java:300)&#13;
	at cucumber.junit.FeatureRunner.run(FeatureRunner.java:72)&#13;
	at cucumber.junit.Cucumber.runChild(Cucumber.java:75)&#13;
	at cucumber.junit.Cucumber.runChild(Cucumber.java:36)&#13;
	at org.junit.runners.ParentRunner$3.run(ParentRunner.java:231)&#13;
	at org.junit.runners.ParentRunner$1.schedule(ParentRunner.java:60)&#13;
	at org.junit.runners.ParentRunner.runChildren(ParentRunner.java:229)&#13;
	at org.junit.runners.ParentRunner.access$000(ParentRunner.java:50)&#13;
	at org.junit.runners.ParentRunner$2.evaluate(ParentRunner.java:222)&#13;
	at org.junit.runners.ParentRunner.run(ParentRunner.java:300)&#13;
	at cucumber.junit.Cucumber.run(Cucumber.java:80)&#13;
	at org.eclipse.jdt.internal.junit4.runner.JUnit4TestReference.run(JUnit4TestReference.java:93)&#13;
	at org.eclipse.jdt.internal.junit.runner.TestExecution.run(TestExecution.java:40)&#13;
	at org.eclipse.jdt.internal.junit.runner.RemoteTestRunner.runTests(RemoteTestRunner.java:529)&#13;
	at org.eclipse.jdt.internal.junit.runner.RemoteTestRunner.runTests(RemoteTestRunner.java:756)&#13;
	at org.eclipse.jdt.internal.junit.runner.RemoteTestRunner.run(RemoteTestRunner.java:452)&#13;
	at org.eclipse.jdt.internal.junit.runner.RemoteTestRunner.main(RemoteTestRunner.java:210)&#13;
	at ✽.Then user should see Web Orders(login\login.feature:5)&#13;
Caused by: java.lang.reflect.InaccessibleObjectException: Unable to make field private final java.util.Comparator java.util.TreeMap.comparator accessible: module java.base does not "opens java.util" to unnamed module @2401f4c3&#13;
	at java.base/java.lang.reflect.AccessibleObject.checkCanSetAccessible(AccessibleObject.java:357)&#13;
	at java.base/java.lang.reflect.AccessibleObject.checkCanSetAccessible(AccessibleObject.java:297)&#13;
	at java.base/java.lang.reflect.Field.checkCanSetAccessible(Field.java:177)&#13;
	at java.base/java.lang.reflect.Field.setAccessible(Field.java:171)&#13;
	at cucumber.runtime.xstream.converters.collections.TreeMapConverter.&lt;clinit&gt;(TreeMapConverter.java:59)&#13;
	at cucumber.runtime.xstream.XStream.setupConverters(XStream.java:678)&#13;
	at cucumber.runtime.xstream.XStream.&lt;init&gt;(XStream.java:456)&#13;
	at cucumber.runtime.converters.LocalizedXStreams$LocalizedXStream.&lt;init&gt;(LocalizedXStreams.java:41)&#13;
	at cucumber.runtime.converters.LocalizedXStreams.newXStream(LocalizedXStreams.java:33)&#13;
	at cucumber.runtime.converters.LocalizedXStreams.get(LocalizedXStreams.java:25)&#13;
	at cucumber.runtime.StepDefinitionMatch.runStep(StepDefinitionMatch.java:43)&#13;
	at cucumber.runtime.Runtime.runStep(Runtime.java:223)&#13;
	at cucumber.runtime.model.StepContainer.runStep(StepContainer.java:44)&#13;
	at cucumber.runtime.model.StepContainer.runSteps(StepContainer.java:39)&#13;
	at cucumber.runtime.model.CucumberScenario.run(CucumberScenario.java:36)&#13;
	at cucumber.junit.ExecutionUnitRunner.run(ExecutionUnitRunner.java:76)&#13;
	at cucumber.junit.FeatureRunner.runChild(FeatureRunner.java:65)&#13;
	at cucumber.junit.FeatureRunner.runChild(FeatureRunner.java:20)&#13;
	at org.junit.runners.ParentRunner$3.run(ParentRunner.java:231)&#13;
	at org.junit.runners.ParentRunner$1.schedule(ParentRunner.java:60)&#13;
	at org.junit.runners.ParentRunner.runChildren(ParentRunner.java:229)&#13;
	at org.junit.runners.ParentRunner.access$000(ParentRunner.java:50)&#13;
	at org.junit.runners.ParentRunner$2.evaluate(ParentRunner.java:222)&#13;
	at org.junit.runners.ParentRunner.run(ParentRunner.java:300)&#13;
	at cucumber.junit.FeatureRunner.run(FeatureRunner.java:72)&#13;
	at cucumber.junit.Cucumber.runChild(Cucumber.java:75)&#13;
	at cucumber.junit.Cucumber.runChild(Cucumber.java:36)&#13;
	at org.junit.runners.ParentRunner$3.run(ParentRunner.java:231)&#13;
	at org.junit.runners.ParentRunner$1.schedule(ParentRunner.java:60)&#13;
	at org.junit.runners.ParentRunner.runChildren(ParentRunner.java:229)&#13;
	at org.junit.runners.ParentRunner.access$000(ParentRunner.java:50)&#13;
	at org.junit.runners.ParentRunner$2.evaluate(ParentRunner.java:222)&#13;
	at org.junit.runners.ParentRunner.run(ParentRunner.java:300)&#13;
	at cucumber.junit.Cucumber.run(Cucumber.java:80)&#13;
	at org.eclipse.jdt.internal.junit4.runner.JUnit4TestReference.run(JUnit4TestReference.java:93)&#13;
	at org.eclipse.jdt.internal.junit.runner.TestExecution.run(TestExecution.java:40)&#13;
	at org.eclipse.jdt.internal.junit.runner.RemoteTestRunner.runTests(RemoteTestRunner.java:529)&#13;
	at org.eclipse.jdt.internal.junit.runner.RemoteTestRunner.runTests(RemoteTestRunner.java:756)&#13;
	at org.eclipse.jdt.internal.junit.runner.RemoteTestRunner.run(RemoteTestRunner.java:452)&#13;
	at org.eclipse.jdt.internal.junit.runner.RemoteTestRunner.main(RemoteTestRunner.java:210)&#13;
&#13;
</error>
        <testcase name="Then user should see Web Orders" classname="Then user should see Web Orders" time="0.005">
          <error>java.lang.ExceptionInInitializerError&#13;
	at cucumber.runtime.xstream.XStream.setupConverters(XStream.java:678)&#13;
	at cucumber.runtime.xstream.XStream.&lt;init&gt;(XStream.java:456)&#13;
	at cucumber.runtime.converters.LocalizedXStreams$LocalizedXStream.&lt;init&gt;(LocalizedXStreams.java:41)&#13;
	at cucumber.runtime.converters.LocalizedXStreams.newXStream(LocalizedXStreams.java:33)&#13;
	at cucumber.runtime.converters.LocalizedXStreams.get(LocalizedXStreams.java:25)&#13;
	at cucumber.runtime.StepDefinitionMatch.runStep(StepDefinitionMatch.java:43)&#13;
	at cucumber.runtime.Runtime.runStep(Runtime.java:223)&#13;
	at cucumber.runtime.model.StepContainer.runStep(StepContainer.java:44)&#13;
	at cucumber.runtime.model.StepContainer.runSteps(StepContainer.java:39)&#13;
	at cucumber.runtime.model.CucumberScenario.run(CucumberScenario.java:36)&#13;
	at cucumber.junit.ExecutionUnitRunner.run(ExecutionUnitRunner.java:76)&#13;
	at cucumber.junit.FeatureRunner.runChild(FeatureRunner.java:65)&#13;
	at cucumber.junit.FeatureRunner.runChild(FeatureRunner.java:20)&#13;
	at org.junit.runners.ParentRunner$3.run(ParentRunner.java:231)&#13;
	at org.junit.runners.ParentRunner$1.schedule(ParentRunner.java:60)&#13;
	at org.junit.runners.ParentRunner.runChildren(ParentRunner.java:229)&#13;
	at org.junit.runners.ParentRunner.access$000(ParentRunner.java:50)&#13;
	at org.junit.runners.ParentRunner$2.evaluate(ParentRunner.java:222)&#13;
	at org.junit.runners.ParentRunner.run(ParentRunner.java:300)&#13;
	at cucumber.junit.FeatureRunner.run(FeatureRunner.java:72)&#13;
	at cucumber.junit.Cucumber.runChild(Cucumber.java:75)&#13;
	at cucumber.junit.Cucumber.runChild(Cucumber.java:36)&#13;
	at org.junit.runners.ParentRunner$3.run(ParentRunner.java:231)&#13;
	at org.junit.runners.ParentRunner$1.schedule(ParentRunner.java:60)&#13;
	at org.junit.runners.ParentRunner.runChildren(ParentRunner.java:229)&#13;
	at org.junit.runners.ParentRunner.access$000(ParentRunner.java:50)&#13;
	at org.junit.runners.ParentRunner$2.evaluate(ParentRunner.java:222)&#13;
	at org.junit.runners.ParentRunner.run(ParentRunner.java:300)&#13;
	at cucumber.junit.Cucumber.run(Cucumber.java:80)&#13;
	at org.eclipse.jdt.internal.junit4.runner.JUnit4TestReference.run(JUnit4TestReference.java:93)&#13;
	at org.eclipse.jdt.internal.junit.runner.TestExecution.run(TestExecution.java:40)&#13;
	at org.eclipse.jdt.internal.junit.runner.RemoteTestRunner.runTests(RemoteTestRunner.java:529)&#13;
	at org.eclipse.jdt.internal.junit.runner.RemoteTestRunner.runTests(RemoteTestRunner.java:756)&#13;
	at org.eclipse.jdt.internal.junit.runner.RemoteTestRunner.run(RemoteTestRunner.java:452)&#13;
	at org.eclipse.jdt.internal.junit.runner.RemoteTestRunner.main(RemoteTestRunner.java:210)&#13;
	at ✽.Then user should see Web Orders(login\login.feature:5)&#13;
Caused by: java.lang.reflect.InaccessibleObjectException: Unable to make field private final java.util.Comparator java.util.TreeMap.comparator accessible: module java.base does not "opens java.util" to unnamed module @2401f4c3&#13;
	at java.base/java.lang.reflect.AccessibleObject.checkCanSetAccessible(AccessibleObject.java:357)&#13;
	at java.base/java.lang.reflect.AccessibleObject.checkCanSetAccessible(AccessibleObject.java:297)&#13;
	at java.base/java.lang.reflect.Field.checkCanSetAccessible(Field.java:177)&#13;
	at java.base/java.lang.reflect.Field.setAccessible(Field.java:171)&#13;
	at cucumber.runtime.xstream.converters.collections.TreeMapConverter.&lt;clinit&gt;(TreeMapConverter.java:59)&#13;
	at cucumber.runtime.xstream.XStream.setupConverters(XStream.java:678)&#13;
	at cucumber.runtime.xstream.XStream.&lt;init&gt;(XStream.java:456)&#13;
	at cucumber.runtime.converters.LocalizedXStreams$LocalizedXStream.&lt;init&gt;(LocalizedXStreams.java:41)&#13;
	at cucumber.runtime.converters.LocalizedXStreams.newXStream(LocalizedXStreams.java:33)&#13;
	at cucumber.runtime.converters.LocalizedXStreams.get(LocalizedXStreams.java:25)&#13;
	at cucumber.runtime.StepDefinitionMatch.runStep(StepDefinitionMatch.java:43)&#13;
	at cucumber.runtime.Runtime.runStep(Runtime.java:223)&#13;
	at cucumber.runtime.model.StepContainer.runStep(StepContainer.java:44)&#13;
	at cucumber.runtime.model.StepContainer.runSteps(StepContainer.java:39)&#13;
	at cucumber.runtime.model.CucumberScenario.run(CucumberScenario.java:36)&#13;
	at cucumber.junit.ExecutionUnitRunner.run(ExecutionUnitRunner.java:76)&#13;
	at cucumber.junit.FeatureRunner.runChild(FeatureRunner.java:65)&#13;
	at cucumber.junit.FeatureRunner.runChild(FeatureRunner.java:20)&#13;
	at org.junit.runners.ParentRunner$3.run(ParentRunner.java:231)&#13;
	at org.junit.runners.ParentRunner$1.schedule(ParentRunner.java:60)&#13;
	at org.junit.runners.ParentRunner.runChildren(ParentRunner.java:229)&#13;
	at org.junit.runners.ParentRunner.access$000(ParentRunner.java:50)&#13;
	at org.junit.runners.ParentRunner$2.evaluate(ParentRunner.java:222)&#13;
	at org.junit.runners.ParentRunner.run(ParentRunner.java:300)&#13;
	at cucumber.junit.FeatureRunner.run(FeatureRunner.java:72)&#13;
	at cucumber.junit.Cucumber.runChild(Cucumber.java:75)&#13;
	at cucumber.junit.Cucumber.runChild(Cucumber.java:36)&#13;
	at org.junit.runners.ParentRunner$3.run(ParentRunner.java:231)&#13;
	at org.junit.runners.ParentRunner$1.schedule(ParentRunner.java:60)&#13;
	at org.junit.runners.ParentRunner.runChildren(ParentRunner.java:229)&#13;
	at org.junit.runners.ParentRunner.access$000(ParentRunner.java:50)&#13;
	at org.junit.runners.ParentRunner$2.evaluate(ParentRunner.java:222)&#13;
	at org.junit.runners.ParentRunner.run(ParentRunner.java:300)&#13;
	at cucumber.junit.Cucumber.run(Cucumber.java:80)&#13;
	at org.eclipse.jdt.internal.junit4.runner.JUnit4TestReference.run(JUnit4TestReference.java:93)&#13;
	at org.eclipse.jdt.internal.junit.runner.TestExecution.run(TestExecution.java:40)&#13;
	at org.eclipse.jdt.internal.junit.runner.RemoteTestRunner.runTests(RemoteTestRunner.java:529)&#13;
	at org.eclipse.jdt.internal.junit.runner.RemoteTestRunner.runTests(RemoteTestRunner.java:756)&#13;
	at org.eclipse.jdt.internal.junit.runner.RemoteTestRunner.run(RemoteTestRunner.java:452)&#13;
	at org.eclipse.jdt.internal.junit.runner.RemoteTestRunner.main(RemoteTestRunner.java:210)&#13;
&#13;
</error>
        </testcase>
      </testsuite>
    </testsuite>
  </testsuite>
</testrun>
